d:\zeng\works\quasi-interpolation\code\3d\mutilevel\surfacereconstructionlib\surfacereconstructionlib\x64\release\surfacereconstructionlib.pch
d:\zeng\works\quasi-interpolation\code\3d\mutilevel\surfacereconstructionlib\surfacereconstructionlib\x64\release\vc142.pdb
d:\zeng\works\quasi-interpolation\code\3d\mutilevel\surfacereconstructionlib\surfacereconstructionlib\x64\release\pch.obj
d:\zeng\works\quasi-interpolation\code\3d\mutilevel\surfacereconstructionlib\surfacereconstructionlib\x64\release\surfacereconstructionlib.obj
d:\zeng\works\quasi-interpolation\code\3d\mutilevel\surfacereconstructionlib\surfacereconstructionlib\x64\release\polygonizer.obj
d:\zeng\works\quasi-interpolation\code\3d\mutilevel\surfacereconstructionlib\surfacereconstructionlib\x64\release\octree.obj
d:\zeng\works\quasi-interpolation\code\3d\mutilevel\surfacereconstructionlib\surfacereconstructionlib\x64\release\irbf.obj
d:\zeng\works\quasi-interpolation\code\3d\mutilevel\surfacereconstructionlib\surfacereconstructionlib\x64\release\rply.obj
d:\zeng\works\quasi-interpolation\code\3d\mutilevel\surfacereconstructionlib\x64\release\surfacereconstructionlib.exe
d:\zeng\works\quasi-interpolation\code\3d\mutilevel\surfacereconstructionlib\surfacereconstructionlib\x64\release\surfacereconstructionlib.ipdb
d:\zeng\works\quasi-interpolation\code\3d\mutilevel\surfacereconstructionlib\surfacereconstructionlib\x64\release\surfacereconstructionlib.iobj
d:\zeng\works\quasi-interpolation\code\3d\mutilevel\surfacereconstructionlib\x64\release\surfacereconstructionlib.pdb
d:\存储\s3\项目相关\quasi\3d\mutilevel_adaptive1\mutilevel\surfacereconstructionlib\x64\release\surfacereconstructionlib.ipdb
d:\存储\s3\项目相关\quasi\3d\mutilevel_adaptive1\mutilevel\surfacereconstructionlib\x64\release\surfacereconstructionlib.iobj
d:\graphics\works\quasi-interpolation\code\3d\mutilevel\surfacereconstructionlib\x64\release\surfacereconstructionlib.ipdb
d:\graphics\works\quasi-interpolation\code\3d\mutilevel\surfacereconstructionlib\x64\release\surfacereconstructionlib.iobj
d:\zeng\works\quasi-interpolation\code\3d\mutilevel\surfacereconstructionlib\x64\release\surfacereconstructionlib.ipdb
d:\zeng\works\quasi-interpolation\code\3d\mutilevel\surfacereconstructionlib\x64\release\surfacereconstructionlib.iobj
d:\zeng\works\quasi-interpolation\code\3d\mutilevel\surfacereconstructionlib\surfacereconstructionlib\x64\release\surfacer.1e18fcca.tlog\cl.command.1.tlog
d:\zeng\works\quasi-interpolation\code\3d\mutilevel\surfacereconstructionlib\surfacereconstructionlib\x64\release\surfacer.1e18fcca.tlog\cl.read.1.tlog
d:\zeng\works\quasi-interpolation\code\3d\mutilevel\surfacereconstructionlib\surfacereconstructionlib\x64\release\surfacer.1e18fcca.tlog\cl.write.1.tlog
d:\zeng\works\quasi-interpolation\code\3d\mutilevel\surfacereconstructionlib\surfacereconstructionlib\x64\release\surfacer.1e18fcca.tlog\link.command.1.tlog
d:\zeng\works\quasi-interpolation\code\3d\mutilevel\surfacereconstructionlib\surfacereconstructionlib\x64\release\surfacer.1e18fcca.tlog\link.read.1.tlog
d:\zeng\works\quasi-interpolation\code\3d\mutilevel\surfacereconstructionlib\surfacereconstructionlib\x64\release\surfacer.1e18fcca.tlog\link.write.1.tlog
d:\zeng\works\quasi-interpolation\code\3d\mutilevel\surfacereconstructionlib\surfacereconstructionlib\x64\release\surfacer.1e18fcca.tlog\surfacereconstructionlib.write.1u.tlog
